C:\USERS\Дарина\DESKTOP\Денис\TABLE_STUDIO2\TABLE_STUDIO\DEBUG\TABLE_STUDIO.PCH
C:\USERS\Дарина\DESKTOP\Денис\TABLE_STUDIO2\TABLE_STUDIO\DEBUG\STDAFX.OBJ
C:\USERS\ДАРИНА\DESKTOP\ДЕНИС\TABLE_STUDIO2\TABLE_STUDIO\DEBUG\VC110.PDB
C:\USERS\Дарина\DESKTOP\Денис\TABLE_STUDIO2\TABLE_STUDIO\DEBUG\SELLER.OBJ
C:\USERS\Дарина\DESKTOP\Денис\TABLE_STUDIO2\TABLE_STUDIO\DEBUG\TABLE.OBJ
C:\USERS\Дарина\DESKTOP\Денис\TABLE_STUDIO2\TABLE_STUDIO\DEBUG\TABLE_STUDIO.OBJ
C:\USERS\Дарина\DESKTOP\Денис\TABLE_STUDIO2\DEBUG\TABLE_STUDIO.ILK
C:\USERS\Дарина\DESKTOP\Денис\TABLE_STUDIO2\DEBUG\TABLE_STUDIO.EXE
C:\USERS\ДАРИНА\DESKTOP\ДЕНИС\TABLE_STUDIO2\DEBUG\TABLE_STUDIO.PDB
C:\Users\Дарина\Desktop\Денис\Table_studio2\Table_studio\Debug\Seller.obj
C:\Users\Дарина\Desktop\Денис\Table_studio2\Table_studio\Debug\stdafx.obj
C:\Users\Дарина\Desktop\Денис\Table_studio2\Table_studio\Debug\Table.obj
C:\Users\Дарина\Desktop\Денис\Table_studio2\Table_studio\Debug\Table_studio.obj
C:\Users\Дарина\Desktop\Денис\Table_studio2\Table_studio\Debug\cl.command.1.tlog
C:\Users\Дарина\Desktop\Денис\Table_studio2\Table_studio\Debug\CL.read.1.tlog
C:\Users\Дарина\Desktop\Денис\Table_studio2\Table_studio\Debug\CL.write.1.tlog
C:\Users\Дарина\Desktop\Денис\Table_studio2\Table_studio\Debug\link-cvtres.read.1.tlog
C:\Users\Дарина\Desktop\Денис\Table_studio2\Table_studio\Debug\link-cvtres.write.1.tlog
C:\Users\Дарина\Desktop\Денис\Table_studio2\Table_studio\Debug\link-rc.read.1.tlog
C:\Users\Дарина\Desktop\Денис\Table_studio2\Table_studio\Debug\link-rc.write.1.tlog
C:\Users\Дарина\Desktop\Денис\Table_studio2\Table_studio\Debug\link.10076-cvtres.read.1.tlog
C:\Users\Дарина\Desktop\Денис\Table_studio2\Table_studio\Debug\link.10076-cvtres.write.1.tlog
C:\Users\Дарина\Desktop\Денис\Table_studio2\Table_studio\Debug\link.10076-rc.read.1.tlog
C:\Users\Дарина\Desktop\Денис\Table_studio2\Table_studio\Debug\link.10076-rc.write.1.tlog
C:\Users\Дарина\Desktop\Денис\Table_studio2\Table_studio\Debug\link.10076.read.1.tlog
C:\Users\Дарина\Desktop\Денис\Table_studio2\Table_studio\Debug\link.10076.write.1.tlog
C:\Users\Дарина\Desktop\Денис\Table_studio2\Table_studio\Debug\link.10792-cvtres.read.1.tlog
C:\Users\Дарина\Desktop\Денис\Table_studio2\Table_studio\Debug\link.10792-cvtres.write.1.tlog
C:\Users\Дарина\Desktop\Денис\Table_studio2\Table_studio\Debug\link.10792-rc.read.1.tlog
C:\Users\Дарина\Desktop\Денис\Table_studio2\Table_studio\Debug\link.10792-rc.write.1.tlog
C:\Users\Дарина\Desktop\Денис\Table_studio2\Table_studio\Debug\link.10792.read.1.tlog
C:\Users\Дарина\Desktop\Денис\Table_studio2\Table_studio\Debug\link.10792.write.1.tlog
C:\Users\Дарина\Desktop\Денис\Table_studio2\Table_studio\Debug\link.13536-cvtres.read.1.tlog
C:\Users\Дарина\Desktop\Денис\Table_studio2\Table_studio\Debug\link.13536-cvtres.write.1.tlog
C:\Users\Дарина\Desktop\Денис\Table_studio2\Table_studio\Debug\link.13536-rc.read.1.tlog
C:\Users\Дарина\Desktop\Денис\Table_studio2\Table_studio\Debug\link.13536-rc.write.1.tlog
C:\Users\Дарина\Desktop\Денис\Table_studio2\Table_studio\Debug\link.13536.read.1.tlog
C:\Users\Дарина\Desktop\Денис\Table_studio2\Table_studio\Debug\link.13536.write.1.tlog
C:\Users\Дарина\Desktop\Денис\Table_studio2\Table_studio\Debug\link.14328-cvtres.read.1.tlog
C:\Users\Дарина\Desktop\Денис\Table_studio2\Table_studio\Debug\link.14328-cvtres.write.1.tlog
C:\Users\Дарина\Desktop\Денис\Table_studio2\Table_studio\Debug\link.14328-rc.read.1.tlog
C:\Users\Дарина\Desktop\Денис\Table_studio2\Table_studio\Debug\link.14328-rc.write.1.tlog
C:\Users\Дарина\Desktop\Денис\Table_studio2\Table_studio\Debug\link.14328.read.1.tlog
C:\Users\Дарина\Desktop\Денис\Table_studio2\Table_studio\Debug\link.14328.write.1.tlog
C:\Users\Дарина\Desktop\Денис\Table_studio2\Table_studio\Debug\link.16480-cvtres.read.1.tlog
C:\Users\Дарина\Desktop\Денис\Table_studio2\Table_studio\Debug\link.16480-cvtres.write.1.tlog
C:\Users\Дарина\Desktop\Денис\Table_studio2\Table_studio\Debug\link.16480-rc.read.1.tlog
C:\Users\Дарина\Desktop\Денис\Table_studio2\Table_studio\Debug\link.16480-rc.write.1.tlog
C:\Users\Дарина\Desktop\Денис\Table_studio2\Table_studio\Debug\link.16480.read.1.tlog
C:\Users\Дарина\Desktop\Денис\Table_studio2\Table_studio\Debug\link.16480.write.1.tlog
C:\Users\Дарина\Desktop\Денис\Table_studio2\Table_studio\Debug\link.16944-cvtres.read.1.tlog
C:\Users\Дарина\Desktop\Денис\Table_studio2\Table_studio\Debug\link.16944-cvtres.write.1.tlog
C:\Users\Дарина\Desktop\Денис\Table_studio2\Table_studio\Debug\link.16944-rc.read.1.tlog
C:\Users\Дарина\Desktop\Денис\Table_studio2\Table_studio\Debug\link.16944-rc.write.1.tlog
C:\Users\Дарина\Desktop\Денис\Table_studio2\Table_studio\Debug\link.16944.read.1.tlog
C:\Users\Дарина\Desktop\Денис\Table_studio2\Table_studio\Debug\link.16944.write.1.tlog
C:\Users\Дарина\Desktop\Денис\Table_studio2\Table_studio\Debug\link.17424-cvtres.read.1.tlog
C:\Users\Дарина\Desktop\Денис\Table_studio2\Table_studio\Debug\link.17424-cvtres.write.1.tlog
C:\Users\Дарина\Desktop\Денис\Table_studio2\Table_studio\Debug\link.17424-rc.read.1.tlog
C:\Users\Дарина\Desktop\Денис\Table_studio2\Table_studio\Debug\link.17424-rc.write.1.tlog
C:\Users\Дарина\Desktop\Денис\Table_studio2\Table_studio\Debug\link.17424.read.1.tlog
C:\Users\Дарина\Desktop\Денис\Table_studio2\Table_studio\Debug\link.17424.write.1.tlog
C:\Users\Дарина\Desktop\Денис\Table_studio2\Table_studio\Debug\link.17604-cvtres.read.1.tlog
C:\Users\Дарина\Desktop\Денис\Table_studio2\Table_studio\Debug\link.17604-cvtres.write.1.tlog
C:\Users\Дарина\Desktop\Денис\Table_studio2\Table_studio\Debug\link.17604-rc.read.1.tlog
C:\Users\Дарина\Desktop\Денис\Table_studio2\Table_studio\Debug\link.17604-rc.write.1.tlog
C:\Users\Дарина\Desktop\Денис\Table_studio2\Table_studio\Debug\link.17604.read.1.tlog
C:\Users\Дарина\Desktop\Денис\Table_studio2\Table_studio\Debug\link.17604.write.1.tlog
C:\Users\Дарина\Desktop\Денис\Table_studio2\Table_studio\Debug\link.19408-cvtres.read.1.tlog
C:\Users\Дарина\Desktop\Денис\Table_studio2\Table_studio\Debug\link.19408-cvtres.write.1.tlog
C:\Users\Дарина\Desktop\Денис\Table_studio2\Table_studio\Debug\link.19408-rc.read.1.tlog
C:\Users\Дарина\Desktop\Денис\Table_studio2\Table_studio\Debug\link.19408-rc.write.1.tlog
C:\Users\Дарина\Desktop\Денис\Table_studio2\Table_studio\Debug\link.19408.read.1.tlog
C:\Users\Дарина\Desktop\Денис\Table_studio2\Table_studio\Debug\link.19408.write.1.tlog
C:\Users\Дарина\Desktop\Денис\Table_studio2\Table_studio\Debug\link.3388-cvtres.read.1.tlog
C:\Users\Дарина\Desktop\Денис\Table_studio2\Table_studio\Debug\link.3388-cvtres.write.1.tlog
C:\Users\Дарина\Desktop\Денис\Table_studio2\Table_studio\Debug\link.3388-rc.read.1.tlog
C:\Users\Дарина\Desktop\Денис\Table_studio2\Table_studio\Debug\link.3388-rc.write.1.tlog
C:\Users\Дарина\Desktop\Денис\Table_studio2\Table_studio\Debug\link.3388.read.1.tlog
C:\Users\Дарина\Desktop\Денис\Table_studio2\Table_studio\Debug\link.3388.write.1.tlog
C:\Users\Дарина\Desktop\Денис\Table_studio2\Table_studio\Debug\link.6864-cvtres.read.1.tlog
C:\Users\Дарина\Desktop\Денис\Table_studio2\Table_studio\Debug\link.6864-cvtres.write.1.tlog
C:\Users\Дарина\Desktop\Денис\Table_studio2\Table_studio\Debug\link.6864-rc.read.1.tlog
C:\Users\Дарина\Desktop\Денис\Table_studio2\Table_studio\Debug\link.6864-rc.write.1.tlog
C:\Users\Дарина\Desktop\Денис\Table_studio2\Table_studio\Debug\link.6864.read.1.tlog
C:\Users\Дарина\Desktop\Денис\Table_studio2\Table_studio\Debug\link.6864.write.1.tlog
C:\Users\Дарина\Desktop\Денис\Table_studio2\Table_studio\Debug\link.8368-cvtres.read.1.tlog
C:\Users\Дарина\Desktop\Денис\Table_studio2\Table_studio\Debug\link.8368-cvtres.write.1.tlog
C:\Users\Дарина\Desktop\Денис\Table_studio2\Table_studio\Debug\link.8368-rc.read.1.tlog
C:\Users\Дарина\Desktop\Денис\Table_studio2\Table_studio\Debug\link.8368-rc.write.1.tlog
C:\Users\Дарина\Desktop\Денис\Table_studio2\Table_studio\Debug\link.8368.read.1.tlog
C:\Users\Дарина\Desktop\Денис\Table_studio2\Table_studio\Debug\link.8368.write.1.tlog
C:\Users\Дарина\Desktop\Денис\Table_studio2\Table_studio\Debug\link.9824-cvtres.read.1.tlog
C:\Users\Дарина\Desktop\Денис\Table_studio2\Table_studio\Debug\link.9824-cvtres.write.1.tlog
C:\Users\Дарина\Desktop\Денис\Table_studio2\Table_studio\Debug\link.9824-rc.read.1.tlog
C:\Users\Дарина\Desktop\Денис\Table_studio2\Table_studio\Debug\link.9824-rc.write.1.tlog
C:\Users\Дарина\Desktop\Денис\Table_studio2\Table_studio\Debug\link.9824.read.1.tlog
C:\Users\Дарина\Desktop\Денис\Table_studio2\Table_studio\Debug\link.9824.write.1.tlog
C:\Users\Дарина\Desktop\Денис\Table_studio2\Table_studio\Debug\link.command.1.tlog
C:\Users\Дарина\Desktop\Денис\Table_studio2\Table_studio\Debug\link.read.1.tlog
C:\Users\Дарина\Desktop\Денис\Table_studio2\Table_studio\Debug\link.write.1.tlog
C:\Users\Дарина\Desktop\Денис\Table_studio2\Table_studio\Debug\Table_studio.pch
C:\Users\Дарина\Desktop\Денис\Table_studio2\Table_studio\Debug\vc110.idb
C:\Users\Дарина\Desktop\Денис\Table_studio2\Table_studio\Debug\vc110.pdb
C:\Users\Дарина\Desktop\Денис\Table_studio2\Debug\Table_studio.pdb
C:\Users\Дарина\Desktop\Денис\Table_studio2\Debug\Table_studio.exe
C:\Users\Дарина\Desktop\Денис\Table_studio2\Debug\Table_studio.ilk
